-------------------------------------------------------------------------------
Test set: CreateAdminTest
-------------------------------------------------------------------------------
Tests run: 1, Failures: 1, Errors: 0, Skipped: 0, Time elapsed: 5.935 s <<< FAILURE! - in CreateAdminTest
putPostTest(CreateAdminTest)  Time elapsed: 5.721 s  <<< FAILURE!
java.lang.AssertionError: 
1 expectation failed.
Expected status code <200> but was <403>.

	at CreateAdminTest.putPostTest(CreateAdminTest.java:34)

